{"numFailedTestSuites":3,"numFailedTests":0,"numPassedTestSuites":0,"numPassedTests":0,"numPendingTestSuites":0,"numPendingTests":0,"numRuntimeErrorTestSuites":3,"numTodoTests":0,"numTotalTestSuites":3,"numTotalTests":0,"openHandles":[],"snapshot":{"added":0,"didUpdate":false,"failure":false,"filesAdded":0,"filesRemoved":0,"filesRemovedList":[],"filesUnmatched":0,"filesUpdated":0,"matched":0,"total":0,"unchecked":0,"uncheckedKeysByFile":[],"unmatched":0,"updated":0},"startTime":1724753483493,"success":false,"testResults":[{"assertionResults":[],"coverage":{},"endTime":1724753486958,"message":"  \u001b[1m● \u001b[22mTest suite failed to run\n\n    \u001b[1m\u001b[31mJest encountered an unexpected token\u001b[39m\u001b[22m\n\n    Jest failed to parse a file. This happens e.g. when your code or its dependencies use non-standard JavaScript syntax, or when Jest is not configured to support such syntax.\n\n    Out of the box Jest supports Babel, which will be used to transform your files into valid JS based on your Babel configuration.\n\n    By default \"node_modules\" folder is ignored by transformers.\n\n    Here's what you can do:\n     • If you are trying to use ECMAScript Modules, see \u001b[4mhttps://jestjs.io/docs/ecmascript-modules\u001b[24m for how to enable it.\n     • If you are trying to use TypeScript, see \u001b[4mhttps://jestjs.io/docs/getting-started#using-typescript\u001b[24m\n     • To have some of your \"node_modules\" files transformed, you can specify a custom \u001b[1m\"transformIgnorePatterns\"\u001b[22m in your config.\n     • If you need a custom transformation specify a \u001b[1m\"transform\"\u001b[22m option in your config.\n     • If you simply want to mock your non-JS modules (e.g. binary assets) you can stub them out with the \u001b[1m\"moduleNameMapper\"\u001b[22m config option.\n\n    You'll find more details and examples of these config options in the docs:\n    \u001b[36mhttps://jestjs.io/docs/configuration\u001b[39m\n    For information about custom transformations, see:\n    \u001b[36mhttps://jestjs.io/docs/code-transformation\u001b[39m\n\n    \u001b[1m\u001b[31mDetails:\u001b[39m\u001b[22m\n\n    SyntaxError: C:\\Users\\user\\Desktop\\personal-portfolio-builder\\Wix-Kickstart-2024-Portfolio-Website-Builder\\src\\client\\components\\BackgroundSelector.test.js: Support for the experimental syntax 'jsx' isn't currently enabled (9:12):\n\n    \u001b[0m \u001b[90m  7 |\u001b[39m   test(\u001b[32m'renders all background options'\u001b[39m\u001b[33m,\u001b[39m () \u001b[33m=>\u001b[39m {\n     \u001b[90m  8 |\u001b[39m     \u001b[36mconst\u001b[39m onSelect \u001b[33m=\u001b[39m jest\u001b[33m.\u001b[39mfn()\u001b[33m;\u001b[39m\n    \u001b[31m\u001b[1m>\u001b[22m\u001b[39m\u001b[90m  9 |\u001b[39m     render(\u001b[33m<\u001b[39m\u001b[33mBackgroundSelector\u001b[39m onSelect\u001b[33m=\u001b[39m{onSelect} selectedBackground\u001b[33m=\u001b[39m\u001b[32m\"\"\u001b[39m \u001b[33m/\u001b[39m\u001b[33m>\u001b[39m)\u001b[33m;\u001b[39m\n     \u001b[90m    |\u001b[39m            \u001b[31m\u001b[1m^\u001b[22m\u001b[39m\n     \u001b[90m 10 |\u001b[39m     \n     \u001b[90m 11 |\u001b[39m     expect(screen\u001b[33m.\u001b[39mgetByAltText(\u001b[32m'Lake'\u001b[39m))\u001b[33m.\u001b[39mtoBeInTheDocument()\u001b[33m;\u001b[39m\n     \u001b[90m 12 |\u001b[39m     expect(screen\u001b[33m.\u001b[39mgetByAltText(\u001b[32m'Sea'\u001b[39m))\u001b[33m.\u001b[39mtoBeInTheDocument()\u001b[33m;\u001b[39m\u001b[0m\n\n    Add @babel/preset-react (https://github.com/babel/babel/tree/main/packages/babel-preset-react) to the 'presets' section of your Babel config to enable transformation.\n    If you want to leave it as-is, add @babel/plugin-syntax-jsx (https://github.com/babel/babel/tree/main/packages/babel-plugin-syntax-jsx) to the 'plugins' section to enable parsing.\n\n    If you already added the plugin for this syntax to your config, it's possible that your config isn't being loaded.\n    You can re-run Babel with the BABEL_SHOW_CONFIG_FOR environment variable to show the loaded configuration:\n    \tnpx cross-env BABEL_SHOW_CONFIG_FOR=C:\\Users\\user\\Desktop\\personal-portfolio-builder\\Wix-Kickstart-2024-Portfolio-Website-Builder\\src\\client\\components\\BackgroundSelector.test.js <your build command>\n    See https://babeljs.io/docs/configuration#print-effective-configs for more info.\n\n      \u001b[2mat constructor (\u001b[22m../../../AppData/Local/npm-cache/_npx/b8d86e6551a4f492/node_modules/@babel/parser/src/parse-error.ts\u001b[2m:78:45)\u001b[22m\n      \u001b[2mat Parser.toParseError [as raise] (\u001b[22m../../../AppData/Local/npm-cache/_npx/b8d86e6551a4f492/node_modules/@babel/parser/src/tokenizer/index.ts\u001b[2m:1496:19)\u001b[22m\n      \u001b[2mat Parser.raise [as expectOnePlugin] (\u001b[22m../../../AppData/Local/npm-cache/_npx/b8d86e6551a4f492/node_modules/@babel/parser/src/tokenizer/index.ts\u001b[2m:1561:18)\u001b[22m\n      \u001b[2mat Parser.expectOnePlugin [as parseExprAtom] (\u001b[22m../../../AppData/Local/npm-cache/_npx/b8d86e6551a4f492/node_modules/@babel/parser/src/parser/expression.ts\u001b[2m:1280:16)\u001b[22m\n      \u001b[2mat Parser.parseExprAtom [as parseExprSubscripts] (\u001b[22m../../../AppData/Local/npm-cache/_npx/b8d86e6551a4f492/node_modules/@babel/parser/src/parser/expression.ts\u001b[2m:706:23)\u001b[22m\n      \u001b[2mat Parser.parseExprSubscripts [as parseUpdate] (\u001b[22m../../../AppData/Local/npm-cache/_npx/b8d86e6551a4f492/node_modules/@babel/parser/src/parser/expression.ts\u001b[2m:685:21)\u001b[22m\n      \u001b[2mat Parser.parseUpdate [as parseMaybeUnary] (\u001b[22m../../../AppData/Local/npm-cache/_npx/b8d86e6551a4f492/node_modules/@babel/parser/src/parser/expression.ts\u001b[2m:647:23)\u001b[22m\n      \u001b[2mat Parser.parseMaybeUnary [as parseMaybeUnaryOrPrivate] (\u001b[22m../../../AppData/Local/npm-cache/_npx/b8d86e6551a4f492/node_modules/@babel/parser/src/parser/expression.ts\u001b[2m:388:14)\u001b[22m\n      \u001b[2mat Parser.parseMaybeUnaryOrPrivate [as parseExprOps] (\u001b[22m../../../AppData/Local/npm-cache/_npx/b8d86e6551a4f492/node_modules/@babel/parser/src/parser/expression.ts\u001b[2m:400:23)\u001b[22m\n      \u001b[2mat Parser.parseExprOps [as parseMaybeConditional] (\u001b[22m../../../AppData/Local/npm-cache/_npx/b8d86e6551a4f492/node_modules/@babel/parser/src/parser/expression.ts\u001b[2m:355:23)\u001b[22m\n      \u001b[2mat Parser.parseMaybeConditional [as parseMaybeAssign] (\u001b[22m../../../AppData/Local/npm-cache/_npx/b8d86e6551a4f492/node_modules/@babel/parser/src/parser/expression.ts\u001b[2m:297:21)\u001b[22m\n      \u001b[2mat parseMaybeAssign (\u001b[22m../../../AppData/Local/npm-cache/_npx/b8d86e6551a4f492/node_modules/@babel/parser/src/parser/expression.ts\u001b[2m:251:12)\u001b[22m\n      \u001b[2mat Parser.callback [as allowInAnd] (\u001b[22m../../../AppData/Local/npm-cache/_npx/b8d86e6551a4f492/node_modules/@babel/parser/src/parser/expression.ts\u001b[2m:3135:12)\u001b[22m\n      \u001b[2mat Parser.allowInAnd [as parseMaybeAssignAllowIn] (\u001b[22m../../../AppData/Local/npm-cache/_npx/b8d86e6551a4f492/node_modules/@babel/parser/src/parser/expression.ts\u001b[2m:250:17)\u001b[22m\n      \u001b[2mat Parser.parseMaybeAssignAllowIn [as parseExprListItem] (\u001b[22m../../../AppData/Local/npm-cache/_npx/b8d86e6551a4f492/node_modules/@babel/parser/src/parser/expression.ts\u001b[2m:2752:18)\u001b[22m\n      \u001b[2mat Parser.parseExprListItem [as parseCallExpressionArguments] (\u001b[22m../../../AppData/Local/npm-cache/_npx/b8d86e6551a4f492/node_modules/@babel/parser/src/parser/expression.ts\u001b[2m:1038:14)\u001b[22m\n      \u001b[2mat Parser.parseCallExpressionArguments [as parseCoverCallAndAsyncArrowHead] (\u001b[22m../../../AppData/Local/npm-cache/_npx/b8d86e6551a4f492/node_modules/@babel/parser/src/parser/expression.ts\u001b[2m:880:29)\u001b[22m\n      \u001b[2mat Parser.parseCoverCallAndAsyncArrowHead [as parseSubscript] (\u001b[22m../../../AppData/Local/npm-cache/_npx/b8d86e6551a4f492/node_modules/@babel/parser/src/parser/expression.ts\u001b[2m:769:19)\u001b[22m\n      \u001b[2mat Parser.parseSubscript [as parseSubscripts] (\u001b[22m../../../AppData/Local/npm-cache/_npx/b8d86e6551a4f492/node_modules/@babel/parser/src/parser/expression.ts\u001b[2m:727:19)\u001b[22m\n      \u001b[2mat Parser.parseSubscripts [as parseExprSubscripts] (\u001b[22m../../../AppData/Local/npm-cache/_npx/b8d86e6551a4f492/node_modules/@babel/parser/src/parser/expression.ts\u001b[2m:712:17)\u001b[22m\n      \u001b[2mat Parser.parseExprSubscripts [as parseUpdate] (\u001b[22m../../../AppData/Local/npm-cache/_npx/b8d86e6551a4f492/node_modules/@babel/parser/src/parser/expression.ts\u001b[2m:685:21)\u001b[22m\n      \u001b[2mat Parser.parseUpdate [as parseMaybeUnary] (\u001b[22m../../../AppData/Local/npm-cache/_npx/b8d86e6551a4f492/node_modules/@babel/parser/src/parser/expression.ts\u001b[2m:647:23)\u001b[22m\n      \u001b[2mat Parser.parseMaybeUnary [as parseMaybeUnaryOrPrivate] (\u001b[22m../../../AppData/Local/npm-cache/_npx/b8d86e6551a4f492/node_modules/@babel/parser/src/parser/expression.ts\u001b[2m:388:14)\u001b[22m\n      \u001b[2mat Parser.parseMaybeUnaryOrPrivate [as parseExprOps] (\u001b[22m../../../AppData/Local/npm-cache/_npx/b8d86e6551a4f492/node_modules/@babel/parser/src/parser/expression.ts\u001b[2m:400:23)\u001b[22m\n      \u001b[2mat Parser.parseExprOps [as parseMaybeConditional] (\u001b[22m../../../AppData/Local/npm-cache/_npx/b8d86e6551a4f492/node_modules/@babel/parser/src/parser/expression.ts\u001b[2m:355:23)\u001b[22m\n      \u001b[2mat Parser.parseMaybeConditional [as parseMaybeAssign] (\u001b[22m../../../AppData/Local/npm-cache/_npx/b8d86e6551a4f492/node_modules/@babel/parser/src/parser/expression.ts\u001b[2m:297:21)\u001b[22m\n      \u001b[2mat Parser.parseMaybeAssign [as parseExpressionBase] (\u001b[22m../../../AppData/Local/npm-cache/_npx/b8d86e6551a4f492/node_modules/@babel/parser/src/parser/expression.ts\u001b[2m:220:23)\u001b[22m\n      \u001b[2mat parseExpressionBase (\u001b[22m../../../AppData/Local/npm-cache/_npx/b8d86e6551a4f492/node_modules/@babel/parser/src/parser/expression.ts\u001b[2m:211:39)\u001b[22m\n      \u001b[2mat Parser.callback [as allowInAnd] (\u001b[22m../../../AppData/Local/npm-cache/_npx/b8d86e6551a4f492/node_modules/@babel/parser/src/parser/expression.ts\u001b[2m:3130:16)\u001b[22m\n      \u001b[2mat Parser.allowInAnd [as parseExpression] (\u001b[22m../../../AppData/Local/npm-cache/_npx/b8d86e6551a4f492/node_modules/@babel/parser/src/parser/expression.ts\u001b[2m:211:17)\u001b[22m\n      \u001b[2mat Parser.parseExpression [as parseStatementContent] (\u001b[22m../../../AppData/Local/npm-cache/_npx/b8d86e6551a4f492/node_modules/@babel/parser/src/parser/statement.ts\u001b[2m:645:23)\u001b[22m\n      \u001b[2mat Parser.parseStatementContent [as parseStatementLike] (\u001b[22m../../../AppData/Local/npm-cache/_npx/b8d86e6551a4f492/node_modules/@babel/parser/src/parser/statement.ts\u001b[2m:426:17)\u001b[22m\n      \u001b[2mat Parser.parseStatementLike [as parseStatementListItem] (\u001b[22m../../../AppData/Local/npm-cache/_npx/b8d86e6551a4f492/node_modules/@babel/parser/src/parser/statement.ts\u001b[2m:375:17)\u001b[22m\n      \u001b[2mat Parser.parseStatementListItem [as parseBlockOrModuleBlockBody] (\u001b[22m../../../AppData/Local/npm-cache/_npx/b8d86e6551a4f492/node_modules/@babel/parser/src/parser/statement.ts\u001b[2m:1396:16)\u001b[22m\n      \u001b[2mat Parser.parseBlockOrModuleBlockBody [as parseBlockBody] (\u001b[22m../../../AppData/Local/npm-cache/_npx/b8d86e6551a4f492/node_modules/@babel/parser/src/parser/statement.ts\u001b[2m:1369:10)\u001b[22m\n      \u001b[2mat Parser.parseBlockBody [as parseBlock] (\u001b[22m../../../AppData/Local/npm-cache/_npx/b8d86e6551a4f492/node_modules/@babel/parser/src/parser/statement.ts\u001b[2m:1337:10)\u001b[22m\n      \u001b[2mat Parser.parseBlock [as parseFunctionBody] (\u001b[22m../../../AppData/Local/npm-cache/_npx/b8d86e6551a4f492/node_modules/@babel/parser/src/parser/expression.ts\u001b[2m:2589:24)\u001b[22m\n      \u001b[2mat Parser.parseFunctionBody [as parseArrowExpression] (\u001b[22m../../../AppData/Local/npm-cache/_npx/b8d86e6551a4f492/node_modules/@babel/parser/src/parser/expression.ts\u001b[2m:2530:10)\u001b[22m\n      \u001b[2mat Parser.parseArrowExpression [as parseParenAndDistinguishExpression] (\u001b[22m../../../AppData/Local/npm-cache/_npx/b8d86e6551a4f492/node_modules/@babel/parser/src/parser/expression.ts\u001b[2m:1825:12)\u001b[22m\n      \u001b[2mat Parser.parseParenAndDistinguishExpression [as parseExprAtom] (\u001b[22m../../../AppData/Local/npm-cache/_npx/b8d86e6551a4f492/node_modules/@babel/parser/src/parser/expression.ts\u001b[2m:1162:21)\u001b[22m\n      \u001b[2mat Parser.parseExprAtom [as parseExprSubscripts] (\u001b[22m../../../AppData/Local/npm-cache/_npx/b8d86e6551a4f492/node_modules/@babel/parser/src/parser/expression.ts\u001b[2m:706:23)\u001b[22m\n      \u001b[2mat Parser.parseExprSubscripts [as parseUpdate] (\u001b[22m../../../AppData/Local/npm-cache/_npx/b8d86e6551a4f492/node_modules/@babel/parser/src/parser/expression.ts\u001b[2m:685:21)\u001b[22m\n      \u001b[2mat Parser.parseUpdate [as parseMaybeUnary] (\u001b[22m../../../AppData/Local/npm-cache/_npx/b8d86e6551a4f492/node_modules/@babel/parser/src/parser/expression.ts\u001b[2m:647:23)\u001b[22m\n      \u001b[2mat Parser.parseMaybeUnary [as parseMaybeUnaryOrPrivate] (\u001b[22m../../../AppData/Local/npm-cache/_npx/b8d86e6551a4f492/node_modules/@babel/parser/src/parser/expression.ts\u001b[2m:388:14)\u001b[22m\n      \u001b[2mat Parser.parseMaybeUnaryOrPrivate [as parseExprOps] (\u001b[22m../../../AppData/Local/npm-cache/_npx/b8d86e6551a4f492/node_modules/@babel/parser/src/parser/expression.ts\u001b[2m:400:23)\u001b[22m\n      \u001b[2mat Parser.parseExprOps [as parseMaybeConditional] (\u001b[22m../../../AppData/Local/npm-cache/_npx/b8d86e6551a4f492/node_modules/@babel/parser/src/parser/expression.ts\u001b[2m:355:23)\u001b[22m\n      \u001b[2mat Parser.parseMaybeConditional [as parseMaybeAssign] (\u001b[22m../../../AppData/Local/npm-cache/_npx/b8d86e6551a4f492/node_modules/@babel/parser/src/parser/expression.ts\u001b[2m:297:21)\u001b[22m\n      \u001b[2mat parseMaybeAssign (\u001b[22m../../../AppData/Local/npm-cache/_npx/b8d86e6551a4f492/node_modules/@babel/parser/src/parser/expression.ts\u001b[2m:251:12)\u001b[22m\n      \u001b[2mat Parser.callback [as allowInAnd] (\u001b[22m../../../AppData/Local/npm-cache/_npx/b8d86e6551a4f492/node_modules/@babel/parser/src/parser/expression.ts\u001b[2m:3135:12)\u001b[22m\n      \u001b[2mat Parser.allowInAnd [as parseMaybeAssignAllowIn] (\u001b[22m../../../AppData/Local/npm-cache/_npx/b8d86e6551a4f492/node_modules/@babel/parser/src/parser/expression.ts\u001b[2m:250:17)\u001b[22m\n      \u001b[2mat Parser.parseMaybeAssignAllowIn [as parseExprListItem] (\u001b[22m../../../AppData/Local/npm-cache/_npx/b8d86e6551a4f492/node_modules/@babel/parser/src/parser/expression.ts\u001b[2m:2752:18)\u001b[22m\n      \u001b[2mat Parser.parseExprListItem [as parseCallExpressionArguments] (\u001b[22m../../../AppData/Local/npm-cache/_npx/b8d86e6551a4f492/node_modules/@babel/parser/src/parser/expression.ts\u001b[2m:1038:14)\u001b[22m\n      \u001b[2mat Parser.parseCallExpressionArguments [as parseCoverCallAndAsyncArrowHead] (\u001b[22m../../../AppData/Local/npm-cache/_npx/b8d86e6551a4f492/node_modules/@babel/parser/src/parser/expression.ts\u001b[2m:880:29)\u001b[22m\n      \u001b[2mat Parser.parseCoverCallAndAsyncArrowHead [as parseSubscript] (\u001b[22m../../../AppData/Local/npm-cache/_npx/b8d86e6551a4f492/node_modules/@babel/parser/src/parser/expression.ts\u001b[2m:769:19)\u001b[22m\n      \u001b[2mat Parser.parseSubscript [as parseSubscripts] (\u001b[22m../../../AppData/Local/npm-cache/_npx/b8d86e6551a4f492/node_modules/@babel/parser/src/parser/expression.ts\u001b[2m:727:19)\u001b[22m\n      \u001b[2mat Parser.parseSubscripts [as parseExprSubscripts] (\u001b[22m../../../AppData/Local/npm-cache/_npx/b8d86e6551a4f492/node_modules/@babel/parser/src/parser/expression.ts\u001b[2m:712:17)\u001b[22m\n      \u001b[2mat Parser.parseExprSubscripts [as parseUpdate] (\u001b[22m../../../AppData/Local/npm-cache/_npx/b8d86e6551a4f492/node_modules/@babel/parser/src/parser/expression.ts\u001b[2m:685:21)\u001b[22m\n      \u001b[2mat Parser.parseUpdate [as parseMaybeUnary] (\u001b[22m../../../AppData/Local/npm-cache/_npx/b8d86e6551a4f492/node_modules/@babel/parser/src/parser/expression.ts\u001b[2m:647:23)\u001b[22m\n      \u001b[2mat Parser.parseMaybeUnary [as parseMaybeUnaryOrPrivate] (\u001b[22m../../../AppData/Local/npm-cache/_npx/b8d86e6551a4f492/node_modules/@babel/parser/src/parser/expression.ts\u001b[2m:388:14)\u001b[22m\n      \u001b[2mat Parser.parseMaybeUnaryOrPrivate [as parseExprOps] (\u001b[22m../../../AppData/Local/npm-cache/_npx/b8d86e6551a4f492/node_modules/@babel/parser/src/parser/expression.ts\u001b[2m:400:23)\u001b[22m\n      \u001b[2mat Parser.parseExprOps [as parseMaybeConditional] (\u001b[22m../../../AppData/Local/npm-cache/_npx/b8d86e6551a4f492/node_modules/@babel/parser/src/parser/expression.ts\u001b[2m:355:23)\u001b[22m\n      \u001b[2mat Parser.parseMaybeConditional [as parseMaybeAssign] (\u001b[22m../../../AppData/Local/npm-cache/_npx/b8d86e6551a4f492/node_modules/@babel/parser/src/parser/expression.ts\u001b[2m:297:21)\u001b[22m\n      \u001b[2mat Parser.parseMaybeAssign [as parseExpressionBase] (\u001b[22m../../../AppData/Local/npm-cache/_npx/b8d86e6551a4f492/node_modules/@babel/parser/src/parser/expression.ts\u001b[2m:220:23)\u001b[22m\n      \u001b[2mat parseExpressionBase (\u001b[22m../../../AppData/Local/npm-cache/_npx/b8d86e6551a4f492/node_modules/@babel/parser/src/parser/expression.ts\u001b[2m:211:39)\u001b[22m\n      \u001b[2mat Parser.callback [as allowInAnd] (\u001b[22m../../../AppData/Local/npm-cache/_npx/b8d86e6551a4f492/node_modules/@babel/parser/src/parser/expression.ts\u001b[2m:3130:16)\u001b[22m\n      \u001b[2mat Parser.allowInAnd [as parseExpression] (\u001b[22m../../../AppData/Local/npm-cache/_npx/b8d86e6551a4f492/node_modules/@babel/parser/src/parser/expression.ts\u001b[2m:211:17)\u001b[22m\n      \u001b[2mat Parser.parseExpression [as parseStatementContent] (\u001b[22m../../../AppData/Local/npm-cache/_npx/b8d86e6551a4f492/node_modules/@babel/parser/src/parser/statement.ts\u001b[2m:645:23)\u001b[22m\n      \u001b[2mat Parser.parseStatementContent [as parseStatementLike] (\u001b[22m../../../AppData/Local/npm-cache/_npx/b8d86e6551a4f492/node_modules/@babel/parser/src/parser/statement.ts\u001b[2m:426:17)\u001b[22m\n      \u001b[2mat Parser.parseStatementLike [as parseStatementListItem] (\u001b[22m../../../AppData/Local/npm-cache/_npx/b8d86e6551a4f492/node_modules/@babel/parser/src/parser/statement.ts\u001b[2m:375:17)\u001b[22m\n      \u001b[2mat Parser.parseStatementListItem [as parseBlockOrModuleBlockBody] (\u001b[22m../../../AppData/Local/npm-cache/_npx/b8d86e6551a4f492/node_modules/@babel/parser/src/parser/statement.ts\u001b[2m:1396:16)\u001b[22m\n      \u001b[2mat Parser.parseBlockOrModuleBlockBody [as parseBlockBody] (\u001b[22m../../../AppData/Local/npm-cache/_npx/b8d86e6551a4f492/node_modules/@babel/parser/src/parser/statement.ts\u001b[2m:1369:10)\u001b[22m\n      \u001b[2mat Parser.parseBlockBody [as parseBlock] (\u001b[22m../../../AppData/Local/npm-cache/_npx/b8d86e6551a4f492/node_modules/@babel/parser/src/parser/statement.ts\u001b[2m:1337:10)\u001b[22m\n      \u001b[2mat Parser.parseBlock [as parseFunctionBody] (\u001b[22m../../../AppData/Local/npm-cache/_npx/b8d86e6551a4f492/node_modules/@babel/parser/src/parser/expression.ts\u001b[2m:2589:24)\u001b[22m\n      \u001b[2mat Parser.parseFunctionBody [as parseArrowExpression] (\u001b[22m../../../AppData/Local/npm-cache/_npx/b8d86e6551a4f492/node_modules/@babel/parser/src/parser/expression.ts\u001b[2m:2530:10)\u001b[22m\n      \u001b[2mat Parser.parseArrowExpression [as parseParenAndDistinguishExpression] (\u001b[22m../../../AppData/Local/npm-cache/_npx/b8d86e6551a4f492/node_modules/@babel/parser/src/parser/expression.ts\u001b[2m:1825:12)\u001b[22m\n      \u001b[2mat Parser.parseParenAndDistinguishExpression [as parseExprAtom] (\u001b[22m../../../AppData/Local/npm-cache/_npx/b8d86e6551a4f492/node_modules/@babel/parser/src/parser/expression.ts\u001b[2m:1162:21)\u001b[22m\n      \u001b[2mat Parser.parseExprAtom [as parseExprSubscripts] (\u001b[22m../../../AppData/Local/npm-cache/_npx/b8d86e6551a4f492/node_modules/@babel/parser/src/parser/expression.ts\u001b[2m:706:23)\u001b[22m\n      \u001b[2mat Parser.parseExprSubscripts [as parseUpdate] (\u001b[22m../../../AppData/Local/npm-cache/_npx/b8d86e6551a4f492/node_modules/@babel/parser/src/parser/expression.ts\u001b[2m:685:21)\u001b[22m\n      \u001b[2mat Parser.parseUpdate [as parseMaybeUnary] (\u001b[22m../../../AppData/Local/npm-cache/_npx/b8d86e6551a4f492/node_modules/@babel/parser/src/parser/expression.ts\u001b[2m:647:23)\u001b[22m\n      \u001b[2mat Parser.parseMaybeUnary [as parseMaybeUnaryOrPrivate] (\u001b[22m../../../AppData/Local/npm-cache/_npx/b8d86e6551a4f492/node_modules/@babel/parser/src/parser/expression.ts\u001b[2m:388:14)\u001b[22m\n      \u001b[2mat Parser.parseMaybeUnaryOrPrivate [as parseExprOps] (\u001b[22m../../../AppData/Local/npm-cache/_npx/b8d86e6551a4f492/node_modules/@babel/parser/src/parser/expression.ts\u001b[2m:400:23)\u001b[22m\n      \u001b[2mat Parser.parseExprOps [as parseMaybeConditional] (\u001b[22m../../../AppData/Local/npm-cache/_npx/b8d86e6551a4f492/node_modules/@babel/parser/src/parser/expression.ts\u001b[2m:355:23)\u001b[22m\n      \u001b[2mat Parser.parseMaybeConditional [as parseMaybeAssign] (\u001b[22m../../../AppData/Local/npm-cache/_npx/b8d86e6551a4f492/node_modules/@babel/parser/src/parser/expression.ts\u001b[2m:297:21)\u001b[22m\n      \u001b[2mat parseMaybeAssign (\u001b[22m../../../AppData/Local/npm-cache/_npx/b8d86e6551a4f492/node_modules/@babel/parser/src/parser/expression.ts\u001b[2m:251:12)\u001b[22m\n      \u001b[2mat Parser.callback [as allowInAnd] (\u001b[22m../../../AppData/Local/npm-cache/_npx/b8d86e6551a4f492/node_modules/@babel/parser/src/parser/expression.ts\u001b[2m:3135:12)\u001b[22m\n      \u001b[2mat Parser.allowInAnd [as parseMaybeAssignAllowIn] (\u001b[22m../../../AppData/Local/npm-cache/_npx/b8d86e6551a4f492/node_modules/@babel/parser/src/parser/expression.ts\u001b[2m:250:17)\u001b[22m\n      \u001b[2mat Parser.parseMaybeAssignAllowIn [as parseExprListItem] (\u001b[22m../../../AppData/Local/npm-cache/_npx/b8d86e6551a4f492/node_modules/@babel/parser/src/parser/expression.ts\u001b[2m:2752:18)\u001b[22m\n      \u001b[2mat Parser.parseExprListItem [as parseCallExpressionArguments] (\u001b[22m../../../AppData/Local/npm-cache/_npx/b8d86e6551a4f492/node_modules/@babel/parser/src/parser/expression.ts\u001b[2m:1038:14)\u001b[22m\n      \u001b[2mat Parser.parseCallExpressionArguments [as parseCoverCallAndAsyncArrowHead] (\u001b[22m../../../AppData/Local/npm-cache/_npx/b8d86e6551a4f492/node_modules/@babel/parser/src/parser/expression.ts\u001b[2m:880:29)\u001b[22m\n      \u001b[2mat Parser.parseCoverCallAndAsyncArrowHead [as parseSubscript] (\u001b[22m../../../AppData/Local/npm-cache/_npx/b8d86e6551a4f492/node_modules/@babel/parser/src/parser/expression.ts\u001b[2m:769:19)\u001b[22m\n      \u001b[2mat Parser.parseSubscript [as parseSubscripts] (\u001b[22m../../../AppData/Local/npm-cache/_npx/b8d86e6551a4f492/node_modules/@babel/parser/src/parser/expression.ts\u001b[2m:727:19)\u001b[22m\n      \u001b[2mat Parser.parseSubscripts [as parseExprSubscripts] (\u001b[22m../../../AppData/Local/npm-cache/_npx/b8d86e6551a4f492/node_modules/@babel/parser/src/parser/expression.ts\u001b[2m:712:17)\u001b[22m\n      \u001b[2mat Parser.parseExprSubscripts [as parseUpdate] (\u001b[22m../../../AppData/Local/npm-cache/_npx/b8d86e6551a4f492/node_modules/@babel/parser/src/parser/expression.ts\u001b[2m:685:21)\u001b[22m\n      \u001b[2mat Parser.parseUpdate [as parseMaybeUnary] (\u001b[22m../../../AppData/Local/npm-cache/_npx/b8d86e6551a4f492/node_modules/@babel/parser/src/parser/expression.ts\u001b[2m:647:23)\u001b[22m\n      \u001b[2mat Parser.parseMaybeUnary [as parseMaybeUnaryOrPrivate] (\u001b[22m../../../AppData/Local/npm-cache/_npx/b8d86e6551a4f492/node_modules/@babel/parser/src/parser/expression.ts\u001b[2m:388:14)\u001b[22m\n      \u001b[2mat Parser.parseMaybeUnaryOrPrivate [as parseExprOps] (\u001b[22m../../../AppData/Local/npm-cache/_npx/b8d86e6551a4f492/node_modules/@babel/parser/src/parser/expression.ts\u001b[2m:400:23)\u001b[22m\n      \u001b[2mat Parser.parseExprOps [as parseMaybeConditional] (\u001b[22m../../../AppData/Local/npm-cache/_npx/b8d86e6551a4f492/node_modules/@babel/parser/src/parser/expression.ts\u001b[2m:355:23)\u001b[22m\n      \u001b[2mat Parser.parseMaybeConditional [as parseMaybeAssign] (\u001b[22m../../../AppData/Local/npm-cache/_npx/b8d86e6551a4f492/node_modules/@babel/parser/src/parser/expression.ts\u001b[2m:297:21)\u001b[22m\n      \u001b[2mat Parser.parseMaybeAssign [as parseExpressionBase] (\u001b[22m../../../AppData/Local/npm-cache/_npx/b8d86e6551a4f492/node_modules/@babel/parser/src/parser/expression.ts\u001b[2m:220:23)\u001b[22m\n      \u001b[2mat parseExpressionBase (\u001b[22m../../../AppData/Local/npm-cache/_npx/b8d86e6551a4f492/node_modules/@babel/parser/src/parser/expression.ts\u001b[2m:211:39)\u001b[22m\n","name":"C:\\Users\\user\\Desktop\\personal-portfolio-builder\\Wix-Kickstart-2024-Portfolio-Website-Builder\\src\\client\\components\\BackgroundSelector.test.js","startTime":1724753486958,"status":"failed","summary":""},{"assertionResults":[],"coverage":{},"endTime":1724753486958,"message":"  \u001b[1m● \u001b[22mTest suite failed to run\n\n    \u001b[1m\u001b[31mJest encountered an unexpected token\u001b[39m\u001b[22m\n\n    Jest failed to parse a file. This happens e.g. when your code or its dependencies use non-standard JavaScript syntax, or when Jest is not configured to support such syntax.\n\n    Out of the box Jest supports Babel, which will be used to transform your files into valid JS based on your Babel configuration.\n\n    By default \"node_modules\" folder is ignored by transformers.\n\n    Here's what you can do:\n     • If you are trying to use ECMAScript Modules, see \u001b[4mhttps://jestjs.io/docs/ecmascript-modules\u001b[24m for how to enable it.\n     • If you are trying to use TypeScript, see \u001b[4mhttps://jestjs.io/docs/getting-started#using-typescript\u001b[24m\n     • To have some of your \"node_modules\" files transformed, you can specify a custom \u001b[1m\"transformIgnorePatterns\"\u001b[22m in your config.\n     • If you need a custom transformation specify a \u001b[1m\"transform\"\u001b[22m option in your config.\n     • If you simply want to mock your non-JS modules (e.g. binary assets) you can stub them out with the \u001b[1m\"moduleNameMapper\"\u001b[22m config option.\n\n    You'll find more details and examples of these config options in the docs:\n    \u001b[36mhttps://jestjs.io/docs/configuration\u001b[39m\n    For information about custom transformations, see:\n    \u001b[36mhttps://jestjs.io/docs/code-transformation\u001b[39m\n\n    \u001b[1m\u001b[31mDetails:\u001b[39m\u001b[22m\n\n    SyntaxError: C:\\Users\\user\\Desktop\\personal-portfolio-builder\\Wix-Kickstart-2024-Portfolio-Website-Builder\\src\\client\\PortfolioForm.test.js: Support for the experimental syntax 'jsx' isn't currently enabled (9:12):\n\n    \u001b[0m \u001b[90m  7 |\u001b[39m   test(\u001b[32m'submits form data correctly'\u001b[39m\u001b[33m,\u001b[39m () \u001b[33m=>\u001b[39m {\n     \u001b[90m  8 |\u001b[39m     \u001b[36mconst\u001b[39m mockSubmit \u001b[33m=\u001b[39m jest\u001b[33m.\u001b[39mfn()\u001b[33m;\u001b[39m\n    \u001b[31m\u001b[1m>\u001b[22m\u001b[39m\u001b[90m  9 |\u001b[39m     render(\u001b[33m<\u001b[39m\u001b[33mPortfolioForm\u001b[39m onSubmit\u001b[33m=\u001b[39m{mockSubmit} \u001b[33m/\u001b[39m\u001b[33m>\u001b[39m)\u001b[33m;\u001b[39m\n     \u001b[90m    |\u001b[39m            \u001b[31m\u001b[1m^\u001b[22m\u001b[39m\n     \u001b[90m 10 |\u001b[39m     \n     \u001b[90m 11 |\u001b[39m     fireEvent\u001b[33m.\u001b[39mchange(screen\u001b[33m.\u001b[39mgetByPlaceholderText(\u001b[32m'Your Name'\u001b[39m)\u001b[33m,\u001b[39m { target\u001b[33m:\u001b[39m { value\u001b[33m:\u001b[39m \u001b[32m'John Doe'\u001b[39m } })\u001b[33m;\u001b[39m\n     \u001b[90m 12 |\u001b[39m     fireEvent\u001b[33m.\u001b[39mchange(screen\u001b[33m.\u001b[39mgetByPlaceholderText(\u001b[32m'Your Description (Optional)'\u001b[39m)\u001b[33m,\u001b[39m { target\u001b[33m:\u001b[39m { value\u001b[33m:\u001b[39m \u001b[32m'Web Developer'\u001b[39m } })\u001b[33m;\u001b[39m\u001b[0m\n\n    Add @babel/preset-react (https://github.com/babel/babel/tree/main/packages/babel-preset-react) to the 'presets' section of your Babel config to enable transformation.\n    If you want to leave it as-is, add @babel/plugin-syntax-jsx (https://github.com/babel/babel/tree/main/packages/babel-plugin-syntax-jsx) to the 'plugins' section to enable parsing.\n\n    If you already added the plugin for this syntax to your config, it's possible that your config isn't being loaded.\n    You can re-run Babel with the BABEL_SHOW_CONFIG_FOR environment variable to show the loaded configuration:\n    \tnpx cross-env BABEL_SHOW_CONFIG_FOR=C:\\Users\\user\\Desktop\\personal-portfolio-builder\\Wix-Kickstart-2024-Portfolio-Website-Builder\\src\\client\\PortfolioForm.test.js <your build command>\n    See https://babeljs.io/docs/configuration#print-effective-configs for more info.\n\n      \u001b[2mat constructor (\u001b[22m../../../AppData/Local/npm-cache/_npx/b8d86e6551a4f492/node_modules/@babel/parser/src/parse-error.ts\u001b[2m:78:45)\u001b[22m\n      \u001b[2mat Parser.toParseError [as raise] (\u001b[22m../../../AppData/Local/npm-cache/_npx/b8d86e6551a4f492/node_modules/@babel/parser/src/tokenizer/index.ts\u001b[2m:1496:19)\u001b[22m\n      \u001b[2mat Parser.raise [as expectOnePlugin] (\u001b[22m../../../AppData/Local/npm-cache/_npx/b8d86e6551a4f492/node_modules/@babel/parser/src/tokenizer/index.ts\u001b[2m:1561:18)\u001b[22m\n      \u001b[2mat Parser.expectOnePlugin [as parseExprAtom] (\u001b[22m../../../AppData/Local/npm-cache/_npx/b8d86e6551a4f492/node_modules/@babel/parser/src/parser/expression.ts\u001b[2m:1280:16)\u001b[22m\n      \u001b[2mat Parser.parseExprAtom [as parseExprSubscripts] (\u001b[22m../../../AppData/Local/npm-cache/_npx/b8d86e6551a4f492/node_modules/@babel/parser/src/parser/expression.ts\u001b[2m:706:23)\u001b[22m\n      \u001b[2mat Parser.parseExprSubscripts [as parseUpdate] (\u001b[22m../../../AppData/Local/npm-cache/_npx/b8d86e6551a4f492/node_modules/@babel/parser/src/parser/expression.ts\u001b[2m:685:21)\u001b[22m\n      \u001b[2mat Parser.parseUpdate [as parseMaybeUnary] (\u001b[22m../../../AppData/Local/npm-cache/_npx/b8d86e6551a4f492/node_modules/@babel/parser/src/parser/expression.ts\u001b[2m:647:23)\u001b[22m\n      \u001b[2mat Parser.parseMaybeUnary [as parseMaybeUnaryOrPrivate] (\u001b[22m../../../AppData/Local/npm-cache/_npx/b8d86e6551a4f492/node_modules/@babel/parser/src/parser/expression.ts\u001b[2m:388:14)\u001b[22m\n      \u001b[2mat Parser.parseMaybeUnaryOrPrivate [as parseExprOps] (\u001b[22m../../../AppData/Local/npm-cache/_npx/b8d86e6551a4f492/node_modules/@babel/parser/src/parser/expression.ts\u001b[2m:400:23)\u001b[22m\n      \u001b[2mat Parser.parseExprOps [as parseMaybeConditional] (\u001b[22m../../../AppData/Local/npm-cache/_npx/b8d86e6551a4f492/node_modules/@babel/parser/src/parser/expression.ts\u001b[2m:355:23)\u001b[22m\n      \u001b[2mat Parser.parseMaybeConditional [as parseMaybeAssign] (\u001b[22m../../../AppData/Local/npm-cache/_npx/b8d86e6551a4f492/node_modules/@babel/parser/src/parser/expression.ts\u001b[2m:297:21)\u001b[22m\n      \u001b[2mat parseMaybeAssign (\u001b[22m../../../AppData/Local/npm-cache/_npx/b8d86e6551a4f492/node_modules/@babel/parser/src/parser/expression.ts\u001b[2m:251:12)\u001b[22m\n      \u001b[2mat Parser.callback [as allowInAnd] (\u001b[22m../../../AppData/Local/npm-cache/_npx/b8d86e6551a4f492/node_modules/@babel/parser/src/parser/expression.ts\u001b[2m:3135:12)\u001b[22m\n      \u001b[2mat Parser.allowInAnd [as parseMaybeAssignAllowIn] (\u001b[22m../../../AppData/Local/npm-cache/_npx/b8d86e6551a4f492/node_modules/@babel/parser/src/parser/expression.ts\u001b[2m:250:17)\u001b[22m\n      \u001b[2mat Parser.parseMaybeAssignAllowIn [as parseExprListItem] (\u001b[22m../../../AppData/Local/npm-cache/_npx/b8d86e6551a4f492/node_modules/@babel/parser/src/parser/expression.ts\u001b[2m:2752:18)\u001b[22m\n      \u001b[2mat Parser.parseExprListItem [as parseCallExpressionArguments] (\u001b[22m../../../AppData/Local/npm-cache/_npx/b8d86e6551a4f492/node_modules/@babel/parser/src/parser/expression.ts\u001b[2m:1038:14)\u001b[22m\n      \u001b[2mat Parser.parseCallExpressionArguments [as parseCoverCallAndAsyncArrowHead] (\u001b[22m../../../AppData/Local/npm-cache/_npx/b8d86e6551a4f492/node_modules/@babel/parser/src/parser/expression.ts\u001b[2m:880:29)\u001b[22m\n      \u001b[2mat Parser.parseCoverCallAndAsyncArrowHead [as parseSubscript] (\u001b[22m../../../AppData/Local/npm-cache/_npx/b8d86e6551a4f492/node_modules/@babel/parser/src/parser/expression.ts\u001b[2m:769:19)\u001b[22m\n      \u001b[2mat Parser.parseSubscript [as parseSubscripts] (\u001b[22m../../../AppData/Local/npm-cache/_npx/b8d86e6551a4f492/node_modules/@babel/parser/src/parser/expression.ts\u001b[2m:727:19)\u001b[22m\n      \u001b[2mat Parser.parseSubscripts [as parseExprSubscripts] (\u001b[22m../../../AppData/Local/npm-cache/_npx/b8d86e6551a4f492/node_modules/@babel/parser/src/parser/expression.ts\u001b[2m:712:17)\u001b[22m\n      \u001b[2mat Parser.parseExprSubscripts [as parseUpdate] (\u001b[22m../../../AppData/Local/npm-cache/_npx/b8d86e6551a4f492/node_modules/@babel/parser/src/parser/expression.ts\u001b[2m:685:21)\u001b[22m\n      \u001b[2mat Parser.parseUpdate [as parseMaybeUnary] (\u001b[22m../../../AppData/Local/npm-cache/_npx/b8d86e6551a4f492/node_modules/@babel/parser/src/parser/expression.ts\u001b[2m:647:23)\u001b[22m\n      \u001b[2mat Parser.parseMaybeUnary [as parseMaybeUnaryOrPrivate] (\u001b[22m../../../AppData/Local/npm-cache/_npx/b8d86e6551a4f492/node_modules/@babel/parser/src/parser/expression.ts\u001b[2m:388:14)\u001b[22m\n      \u001b[2mat Parser.parseMaybeUnaryOrPrivate [as parseExprOps] (\u001b[22m../../../AppData/Local/npm-cache/_npx/b8d86e6551a4f492/node_modules/@babel/parser/src/parser/expression.ts\u001b[2m:400:23)\u001b[22m\n      \u001b[2mat Parser.parseExprOps [as parseMaybeConditional] (\u001b[22m../../../AppData/Local/npm-cache/_npx/b8d86e6551a4f492/node_modules/@babel/parser/src/parser/expression.ts\u001b[2m:355:23)\u001b[22m\n      \u001b[2mat Parser.parseMaybeConditional [as parseMaybeAssign] (\u001b[22m../../../AppData/Local/npm-cache/_npx/b8d86e6551a4f492/node_modules/@babel/parser/src/parser/expression.ts\u001b[2m:297:21)\u001b[22m\n      \u001b[2mat Parser.parseMaybeAssign [as parseExpressionBase] (\u001b[22m../../../AppData/Local/npm-cache/_npx/b8d86e6551a4f492/node_modules/@babel/parser/src/parser/expression.ts\u001b[2m:220:23)\u001b[22m\n      \u001b[2mat parseExpressionBase (\u001b[22m../../../AppData/Local/npm-cache/_npx/b8d86e6551a4f492/node_modules/@babel/parser/src/parser/expression.ts\u001b[2m:211:39)\u001b[22m\n      \u001b[2mat Parser.callback [as allowInAnd] (\u001b[22m../../../AppData/Local/npm-cache/_npx/b8d86e6551a4f492/node_modules/@babel/parser/src/parser/expression.ts\u001b[2m:3130:16)\u001b[22m\n      \u001b[2mat Parser.allowInAnd [as parseExpression] (\u001b[22m../../../AppData/Local/npm-cache/_npx/b8d86e6551a4f492/node_modules/@babel/parser/src/parser/expression.ts\u001b[2m:211:17)\u001b[22m\n      \u001b[2mat Parser.parseExpression [as parseStatementContent] (\u001b[22m../../../AppData/Local/npm-cache/_npx/b8d86e6551a4f492/node_modules/@babel/parser/src/parser/statement.ts\u001b[2m:645:23)\u001b[22m\n      \u001b[2mat Parser.parseStatementContent [as parseStatementLike] (\u001b[22m../../../AppData/Local/npm-cache/_npx/b8d86e6551a4f492/node_modules/@babel/parser/src/parser/statement.ts\u001b[2m:426:17)\u001b[22m\n      \u001b[2mat Parser.parseStatementLike [as parseStatementListItem] (\u001b[22m../../../AppData/Local/npm-cache/_npx/b8d86e6551a4f492/node_modules/@babel/parser/src/parser/statement.ts\u001b[2m:375:17)\u001b[22m\n      \u001b[2mat Parser.parseStatementListItem [as parseBlockOrModuleBlockBody] (\u001b[22m../../../AppData/Local/npm-cache/_npx/b8d86e6551a4f492/node_modules/@babel/parser/src/parser/statement.ts\u001b[2m:1396:16)\u001b[22m\n      \u001b[2mat Parser.parseBlockOrModuleBlockBody [as parseBlockBody] (\u001b[22m../../../AppData/Local/npm-cache/_npx/b8d86e6551a4f492/node_modules/@babel/parser/src/parser/statement.ts\u001b[2m:1369:10)\u001b[22m\n      \u001b[2mat Parser.parseBlockBody [as parseBlock] (\u001b[22m../../../AppData/Local/npm-cache/_npx/b8d86e6551a4f492/node_modules/@babel/parser/src/parser/statement.ts\u001b[2m:1337:10)\u001b[22m\n      \u001b[2mat Parser.parseBlock [as parseFunctionBody] (\u001b[22m../../../AppData/Local/npm-cache/_npx/b8d86e6551a4f492/node_modules/@babel/parser/src/parser/expression.ts\u001b[2m:2589:24)\u001b[22m\n      \u001b[2mat Parser.parseFunctionBody [as parseArrowExpression] (\u001b[22m../../../AppData/Local/npm-cache/_npx/b8d86e6551a4f492/node_modules/@babel/parser/src/parser/expression.ts\u001b[2m:2530:10)\u001b[22m\n      \u001b[2mat Parser.parseArrowExpression [as parseParenAndDistinguishExpression] (\u001b[22m../../../AppData/Local/npm-cache/_npx/b8d86e6551a4f492/node_modules/@babel/parser/src/parser/expression.ts\u001b[2m:1825:12)\u001b[22m\n      \u001b[2mat Parser.parseParenAndDistinguishExpression [as parseExprAtom] (\u001b[22m../../../AppData/Local/npm-cache/_npx/b8d86e6551a4f492/node_modules/@babel/parser/src/parser/expression.ts\u001b[2m:1162:21)\u001b[22m\n      \u001b[2mat Parser.parseExprAtom [as parseExprSubscripts] (\u001b[22m../../../AppData/Local/npm-cache/_npx/b8d86e6551a4f492/node_modules/@babel/parser/src/parser/expression.ts\u001b[2m:706:23)\u001b[22m\n      \u001b[2mat Parser.parseExprSubscripts [as parseUpdate] (\u001b[22m../../../AppData/Local/npm-cache/_npx/b8d86e6551a4f492/node_modules/@babel/parser/src/parser/expression.ts\u001b[2m:685:21)\u001b[22m\n      \u001b[2mat Parser.parseUpdate [as parseMaybeUnary] (\u001b[22m../../../AppData/Local/npm-cache/_npx/b8d86e6551a4f492/node_modules/@babel/parser/src/parser/expression.ts\u001b[2m:647:23)\u001b[22m\n      \u001b[2mat Parser.parseMaybeUnary [as parseMaybeUnaryOrPrivate] (\u001b[22m../../../AppData/Local/npm-cache/_npx/b8d86e6551a4f492/node_modules/@babel/parser/src/parser/expression.ts\u001b[2m:388:14)\u001b[22m\n      \u001b[2mat Parser.parseMaybeUnaryOrPrivate [as parseExprOps] (\u001b[22m../../../AppData/Local/npm-cache/_npx/b8d86e6551a4f492/node_modules/@babel/parser/src/parser/expression.ts\u001b[2m:400:23)\u001b[22m\n      \u001b[2mat Parser.parseExprOps [as parseMaybeConditional] (\u001b[22m../../../AppData/Local/npm-cache/_npx/b8d86e6551a4f492/node_modules/@babel/parser/src/parser/expression.ts\u001b[2m:355:23)\u001b[22m\n      \u001b[2mat Parser.parseMaybeConditional [as parseMaybeAssign] (\u001b[22m../../../AppData/Local/npm-cache/_npx/b8d86e6551a4f492/node_modules/@babel/parser/src/parser/expression.ts\u001b[2m:297:21)\u001b[22m\n      \u001b[2mat parseMaybeAssign (\u001b[22m../../../AppData/Local/npm-cache/_npx/b8d86e6551a4f492/node_modules/@babel/parser/src/parser/expression.ts\u001b[2m:251:12)\u001b[22m\n      \u001b[2mat Parser.callback [as allowInAnd] (\u001b[22m../../../AppData/Local/npm-cache/_npx/b8d86e6551a4f492/node_modules/@babel/parser/src/parser/expression.ts\u001b[2m:3135:12)\u001b[22m\n      \u001b[2mat Parser.allowInAnd [as parseMaybeAssignAllowIn] (\u001b[22m../../../AppData/Local/npm-cache/_npx/b8d86e6551a4f492/node_modules/@babel/parser/src/parser/expression.ts\u001b[2m:250:17)\u001b[22m\n      \u001b[2mat Parser.parseMaybeAssignAllowIn [as parseExprListItem] (\u001b[22m../../../AppData/Local/npm-cache/_npx/b8d86e6551a4f492/node_modules/@babel/parser/src/parser/expression.ts\u001b[2m:2752:18)\u001b[22m\n      \u001b[2mat Parser.parseExprListItem [as parseCallExpressionArguments] (\u001b[22m../../../AppData/Local/npm-cache/_npx/b8d86e6551a4f492/node_modules/@babel/parser/src/parser/expression.ts\u001b[2m:1038:14)\u001b[22m\n      \u001b[2mat Parser.parseCallExpressionArguments [as parseCoverCallAndAsyncArrowHead] (\u001b[22m../../../AppData/Local/npm-cache/_npx/b8d86e6551a4f492/node_modules/@babel/parser/src/parser/expression.ts\u001b[2m:880:29)\u001b[22m\n      \u001b[2mat Parser.parseCoverCallAndAsyncArrowHead [as parseSubscript] (\u001b[22m../../../AppData/Local/npm-cache/_npx/b8d86e6551a4f492/node_modules/@babel/parser/src/parser/expression.ts\u001b[2m:769:19)\u001b[22m\n      \u001b[2mat Parser.parseSubscript [as parseSubscripts] (\u001b[22m../../../AppData/Local/npm-cache/_npx/b8d86e6551a4f492/node_modules/@babel/parser/src/parser/expression.ts\u001b[2m:727:19)\u001b[22m\n      \u001b[2mat Parser.parseSubscripts [as parseExprSubscripts] (\u001b[22m../../../AppData/Local/npm-cache/_npx/b8d86e6551a4f492/node_modules/@babel/parser/src/parser/expression.ts\u001b[2m:712:17)\u001b[22m\n      \u001b[2mat Parser.parseExprSubscripts [as parseUpdate] (\u001b[22m../../../AppData/Local/npm-cache/_npx/b8d86e6551a4f492/node_modules/@babel/parser/src/parser/expression.ts\u001b[2m:685:21)\u001b[22m\n      \u001b[2mat Parser.parseUpdate [as parseMaybeUnary] (\u001b[22m../../../AppData/Local/npm-cache/_npx/b8d86e6551a4f492/node_modules/@babel/parser/src/parser/expression.ts\u001b[2m:647:23)\u001b[22m\n      \u001b[2mat Parser.parseMaybeUnary [as parseMaybeUnaryOrPrivate] (\u001b[22m../../../AppData/Local/npm-cache/_npx/b8d86e6551a4f492/node_modules/@babel/parser/src/parser/expression.ts\u001b[2m:388:14)\u001b[22m\n      \u001b[2mat Parser.parseMaybeUnaryOrPrivate [as parseExprOps] (\u001b[22m../../../AppData/Local/npm-cache/_npx/b8d86e6551a4f492/node_modules/@babel/parser/src/parser/expression.ts\u001b[2m:400:23)\u001b[22m\n      \u001b[2mat Parser.parseExprOps [as parseMaybeConditional] (\u001b[22m../../../AppData/Local/npm-cache/_npx/b8d86e6551a4f492/node_modules/@babel/parser/src/parser/expression.ts\u001b[2m:355:23)\u001b[22m\n      \u001b[2mat Parser.parseMaybeConditional [as parseMaybeAssign] (\u001b[22m../../../AppData/Local/npm-cache/_npx/b8d86e6551a4f492/node_modules/@babel/parser/src/parser/expression.ts\u001b[2m:297:21)\u001b[22m\n      \u001b[2mat Parser.parseMaybeAssign [as parseExpressionBase] (\u001b[22m../../../AppData/Local/npm-cache/_npx/b8d86e6551a4f492/node_modules/@babel/parser/src/parser/expression.ts\u001b[2m:220:23)\u001b[22m\n      \u001b[2mat parseExpressionBase (\u001b[22m../../../AppData/Local/npm-cache/_npx/b8d86e6551a4f492/node_modules/@babel/parser/src/parser/expression.ts\u001b[2m:211:39)\u001b[22m\n      \u001b[2mat Parser.callback [as allowInAnd] (\u001b[22m../../../AppData/Local/npm-cache/_npx/b8d86e6551a4f492/node_modules/@babel/parser/src/parser/expression.ts\u001b[2m:3130:16)\u001b[22m\n      \u001b[2mat Parser.allowInAnd [as parseExpression] (\u001b[22m../../../AppData/Local/npm-cache/_npx/b8d86e6551a4f492/node_modules/@babel/parser/src/parser/expression.ts\u001b[2m:211:17)\u001b[22m\n      \u001b[2mat Parser.parseExpression [as parseStatementContent] (\u001b[22m../../../AppData/Local/npm-cache/_npx/b8d86e6551a4f492/node_modules/@babel/parser/src/parser/statement.ts\u001b[2m:645:23)\u001b[22m\n      \u001b[2mat Parser.parseStatementContent [as parseStatementLike] (\u001b[22m../../../AppData/Local/npm-cache/_npx/b8d86e6551a4f492/node_modules/@babel/parser/src/parser/statement.ts\u001b[2m:426:17)\u001b[22m\n      \u001b[2mat Parser.parseStatementLike [as parseStatementListItem] (\u001b[22m../../../AppData/Local/npm-cache/_npx/b8d86e6551a4f492/node_modules/@babel/parser/src/parser/statement.ts\u001b[2m:375:17)\u001b[22m\n      \u001b[2mat Parser.parseStatementListItem [as parseBlockOrModuleBlockBody] (\u001b[22m../../../AppData/Local/npm-cache/_npx/b8d86e6551a4f492/node_modules/@babel/parser/src/parser/statement.ts\u001b[2m:1396:16)\u001b[22m\n      \u001b[2mat Parser.parseBlockOrModuleBlockBody [as parseBlockBody] (\u001b[22m../../../AppData/Local/npm-cache/_npx/b8d86e6551a4f492/node_modules/@babel/parser/src/parser/statement.ts\u001b[2m:1369:10)\u001b[22m\n      \u001b[2mat Parser.parseBlockBody [as parseBlock] (\u001b[22m../../../AppData/Local/npm-cache/_npx/b8d86e6551a4f492/node_modules/@babel/parser/src/parser/statement.ts\u001b[2m:1337:10)\u001b[22m\n      \u001b[2mat Parser.parseBlock [as parseFunctionBody] (\u001b[22m../../../AppData/Local/npm-cache/_npx/b8d86e6551a4f492/node_modules/@babel/parser/src/parser/expression.ts\u001b[2m:2589:24)\u001b[22m\n      \u001b[2mat Parser.parseFunctionBody [as parseArrowExpression] (\u001b[22m../../../AppData/Local/npm-cache/_npx/b8d86e6551a4f492/node_modules/@babel/parser/src/parser/expression.ts\u001b[2m:2530:10)\u001b[22m\n      \u001b[2mat Parser.parseArrowExpression [as parseParenAndDistinguishExpression] (\u001b[22m../../../AppData/Local/npm-cache/_npx/b8d86e6551a4f492/node_modules/@babel/parser/src/parser/expression.ts\u001b[2m:1825:12)\u001b[22m\n      \u001b[2mat Parser.parseParenAndDistinguishExpression [as parseExprAtom] (\u001b[22m../../../AppData/Local/npm-cache/_npx/b8d86e6551a4f492/node_modules/@babel/parser/src/parser/expression.ts\u001b[2m:1162:21)\u001b[22m\n      \u001b[2mat Parser.parseExprAtom [as parseExprSubscripts] (\u001b[22m../../../AppData/Local/npm-cache/_npx/b8d86e6551a4f492/node_modules/@babel/parser/src/parser/expression.ts\u001b[2m:706:23)\u001b[22m\n      \u001b[2mat Parser.parseExprSubscripts [as parseUpdate] (\u001b[22m../../../AppData/Local/npm-cache/_npx/b8d86e6551a4f492/node_modules/@babel/parser/src/parser/expression.ts\u001b[2m:685:21)\u001b[22m\n      \u001b[2mat Parser.parseUpdate [as parseMaybeUnary] (\u001b[22m../../../AppData/Local/npm-cache/_npx/b8d86e6551a4f492/node_modules/@babel/parser/src/parser/expression.ts\u001b[2m:647:23)\u001b[22m\n      \u001b[2mat Parser.parseMaybeUnary [as parseMaybeUnaryOrPrivate] (\u001b[22m../../../AppData/Local/npm-cache/_npx/b8d86e6551a4f492/node_modules/@babel/parser/src/parser/expression.ts\u001b[2m:388:14)\u001b[22m\n      \u001b[2mat Parser.parseMaybeUnaryOrPrivate [as parseExprOps] (\u001b[22m../../../AppData/Local/npm-cache/_npx/b8d86e6551a4f492/node_modules/@babel/parser/src/parser/expression.ts\u001b[2m:400:23)\u001b[22m\n      \u001b[2mat Parser.parseExprOps [as parseMaybeConditional] (\u001b[22m../../../AppData/Local/npm-cache/_npx/b8d86e6551a4f492/node_modules/@babel/parser/src/parser/expression.ts\u001b[2m:355:23)\u001b[22m\n      \u001b[2mat Parser.parseMaybeConditional [as parseMaybeAssign] (\u001b[22m../../../AppData/Local/npm-cache/_npx/b8d86e6551a4f492/node_modules/@babel/parser/src/parser/expression.ts\u001b[2m:297:21)\u001b[22m\n      \u001b[2mat parseMaybeAssign (\u001b[22m../../../AppData/Local/npm-cache/_npx/b8d86e6551a4f492/node_modules/@babel/parser/src/parser/expression.ts\u001b[2m:251:12)\u001b[22m\n      \u001b[2mat Parser.callback [as allowInAnd] (\u001b[22m../../../AppData/Local/npm-cache/_npx/b8d86e6551a4f492/node_modules/@babel/parser/src/parser/expression.ts\u001b[2m:3135:12)\u001b[22m\n      \u001b[2mat Parser.allowInAnd [as parseMaybeAssignAllowIn] (\u001b[22m../../../AppData/Local/npm-cache/_npx/b8d86e6551a4f492/node_modules/@babel/parser/src/parser/expression.ts\u001b[2m:250:17)\u001b[22m\n      \u001b[2mat Parser.parseMaybeAssignAllowIn [as parseExprListItem] (\u001b[22m../../../AppData/Local/npm-cache/_npx/b8d86e6551a4f492/node_modules/@babel/parser/src/parser/expression.ts\u001b[2m:2752:18)\u001b[22m\n      \u001b[2mat Parser.parseExprListItem [as parseCallExpressionArguments] (\u001b[22m../../../AppData/Local/npm-cache/_npx/b8d86e6551a4f492/node_modules/@babel/parser/src/parser/expression.ts\u001b[2m:1038:14)\u001b[22m\n      \u001b[2mat Parser.parseCallExpressionArguments [as parseCoverCallAndAsyncArrowHead] (\u001b[22m../../../AppData/Local/npm-cache/_npx/b8d86e6551a4f492/node_modules/@babel/parser/src/parser/expression.ts\u001b[2m:880:29)\u001b[22m\n      \u001b[2mat Parser.parseCoverCallAndAsyncArrowHead [as parseSubscript] (\u001b[22m../../../AppData/Local/npm-cache/_npx/b8d86e6551a4f492/node_modules/@babel/parser/src/parser/expression.ts\u001b[2m:769:19)\u001b[22m\n      \u001b[2mat Parser.parseSubscript [as parseSubscripts] (\u001b[22m../../../AppData/Local/npm-cache/_npx/b8d86e6551a4f492/node_modules/@babel/parser/src/parser/expression.ts\u001b[2m:727:19)\u001b[22m\n      \u001b[2mat Parser.parseSubscripts [as parseExprSubscripts] (\u001b[22m../../../AppData/Local/npm-cache/_npx/b8d86e6551a4f492/node_modules/@babel/parser/src/parser/expression.ts\u001b[2m:712:17)\u001b[22m\n      \u001b[2mat Parser.parseExprSubscripts [as parseUpdate] (\u001b[22m../../../AppData/Local/npm-cache/_npx/b8d86e6551a4f492/node_modules/@babel/parser/src/parser/expression.ts\u001b[2m:685:21)\u001b[22m\n      \u001b[2mat Parser.parseUpdate [as parseMaybeUnary] (\u001b[22m../../../AppData/Local/npm-cache/_npx/b8d86e6551a4f492/node_modules/@babel/parser/src/parser/expression.ts\u001b[2m:647:23)\u001b[22m\n      \u001b[2mat Parser.parseMaybeUnary [as parseMaybeUnaryOrPrivate] (\u001b[22m../../../AppData/Local/npm-cache/_npx/b8d86e6551a4f492/node_modules/@babel/parser/src/parser/expression.ts\u001b[2m:388:14)\u001b[22m\n      \u001b[2mat Parser.parseMaybeUnaryOrPrivate [as parseExprOps] (\u001b[22m../../../AppData/Local/npm-cache/_npx/b8d86e6551a4f492/node_modules/@babel/parser/src/parser/expression.ts\u001b[2m:400:23)\u001b[22m\n      \u001b[2mat Parser.parseExprOps [as parseMaybeConditional] (\u001b[22m../../../AppData/Local/npm-cache/_npx/b8d86e6551a4f492/node_modules/@babel/parser/src/parser/expression.ts\u001b[2m:355:23)\u001b[22m\n      \u001b[2mat Parser.parseMaybeConditional [as parseMaybeAssign] (\u001b[22m../../../AppData/Local/npm-cache/_npx/b8d86e6551a4f492/node_modules/@babel/parser/src/parser/expression.ts\u001b[2m:297:21)\u001b[22m\n      \u001b[2mat Parser.parseMaybeAssign [as parseExpressionBase] (\u001b[22m../../../AppData/Local/npm-cache/_npx/b8d86e6551a4f492/node_modules/@babel/parser/src/parser/expression.ts\u001b[2m:220:23)\u001b[22m\n      \u001b[2mat parseExpressionBase (\u001b[22m../../../AppData/Local/npm-cache/_npx/b8d86e6551a4f492/node_modules/@babel/parser/src/parser/expression.ts\u001b[2m:211:39)\u001b[22m\n","name":"C:\\Users\\user\\Desktop\\personal-portfolio-builder\\Wix-Kickstart-2024-Portfolio-Website-Builder\\src\\client\\PortfolioForm.test.js","startTime":1724753486958,"status":"failed","summary":""},{"assertionResults":[],"coverage":{},"endTime":1724753486958,"message":"  \u001b[1m● \u001b[22mTest suite failed to run\n\n    \u001b[1m\u001b[31mJest encountered an unexpected token\u001b[39m\u001b[22m\n\n    Jest failed to parse a file. This happens e.g. when your code or its dependencies use non-standard JavaScript syntax, or when Jest is not configured to support such syntax.\n\n    Out of the box Jest supports Babel, which will be used to transform your files into valid JS based on your Babel configuration.\n\n    By default \"node_modules\" folder is ignored by transformers.\n\n    Here's what you can do:\n     • If you are trying to use ECMAScript Modules, see \u001b[4mhttps://jestjs.io/docs/ecmascript-modules\u001b[24m for how to enable it.\n     • If you are trying to use TypeScript, see \u001b[4mhttps://jestjs.io/docs/getting-started#using-typescript\u001b[24m\n     • To have some of your \"node_modules\" files transformed, you can specify a custom \u001b[1m\"transformIgnorePatterns\"\u001b[22m in your config.\n     • If you need a custom transformation specify a \u001b[1m\"transform\"\u001b[22m option in your config.\n     • If you simply want to mock your non-JS modules (e.g. binary assets) you can stub them out with the \u001b[1m\"moduleNameMapper\"\u001b[22m config option.\n\n    You'll find more details and examples of these config options in the docs:\n    \u001b[36mhttps://jestjs.io/docs/configuration\u001b[39m\n    For information about custom transformations, see:\n    \u001b[36mhttps://jestjs.io/docs/code-transformation\u001b[39m\n\n    \u001b[1m\u001b[31mDetails:\u001b[39m\u001b[22m\n\n    SyntaxError: C:\\Users\\user\\Desktop\\personal-portfolio-builder\\Wix-Kickstart-2024-Portfolio-Website-Builder\\src\\client\\components\\App.test.js: Support for the experimental syntax 'jsx' isn't currently enabled (8:12):\n\n    \u001b[0m \u001b[90m  6 |\u001b[39m describe(\u001b[32m'App'\u001b[39m\u001b[33m,\u001b[39m () \u001b[33m=>\u001b[39m {\n     \u001b[90m  7 |\u001b[39m   test(\u001b[32m'renders PortfolioForm initially'\u001b[39m\u001b[33m,\u001b[39m () \u001b[33m=>\u001b[39m {\n    \u001b[31m\u001b[1m>\u001b[22m\u001b[39m\u001b[90m  8 |\u001b[39m     render(\u001b[33m<\u001b[39m\u001b[33mApp\u001b[39m \u001b[33m/\u001b[39m\u001b[33m>\u001b[39m)\u001b[33m;\u001b[39m\n     \u001b[90m    |\u001b[39m            \u001b[31m\u001b[1m^\u001b[22m\u001b[39m\n     \u001b[90m  9 |\u001b[39m     expect(screen\u001b[33m.\u001b[39mgetByText(\u001b[32m'Create Portfolio'\u001b[39m))\u001b[33m.\u001b[39mtoBeInTheDocument()\u001b[33m;\u001b[39m\n     \u001b[90m 10 |\u001b[39m   })\u001b[33m;\u001b[39m\n     \u001b[90m 11 |\u001b[39m\u001b[0m\n\n    Add @babel/preset-react (https://github.com/babel/babel/tree/main/packages/babel-preset-react) to the 'presets' section of your Babel config to enable transformation.\n    If you want to leave it as-is, add @babel/plugin-syntax-jsx (https://github.com/babel/babel/tree/main/packages/babel-plugin-syntax-jsx) to the 'plugins' section to enable parsing.\n\n    If you already added the plugin for this syntax to your config, it's possible that your config isn't being loaded.\n    You can re-run Babel with the BABEL_SHOW_CONFIG_FOR environment variable to show the loaded configuration:\n    \tnpx cross-env BABEL_SHOW_CONFIG_FOR=C:\\Users\\user\\Desktop\\personal-portfolio-builder\\Wix-Kickstart-2024-Portfolio-Website-Builder\\src\\client\\components\\App.test.js <your build command>\n    See https://babeljs.io/docs/configuration#print-effective-configs for more info.\n\n      \u001b[2mat constructor (\u001b[22m../../../AppData/Local/npm-cache/_npx/b8d86e6551a4f492/node_modules/@babel/parser/src/parse-error.ts\u001b[2m:78:45)\u001b[22m\n      \u001b[2mat Parser.toParseError [as raise] (\u001b[22m../../../AppData/Local/npm-cache/_npx/b8d86e6551a4f492/node_modules/@babel/parser/src/tokenizer/index.ts\u001b[2m:1496:19)\u001b[22m\n      \u001b[2mat Parser.raise [as expectOnePlugin] (\u001b[22m../../../AppData/Local/npm-cache/_npx/b8d86e6551a4f492/node_modules/@babel/parser/src/tokenizer/index.ts\u001b[2m:1561:18)\u001b[22m\n      \u001b[2mat Parser.expectOnePlugin [as parseExprAtom] (\u001b[22m../../../AppData/Local/npm-cache/_npx/b8d86e6551a4f492/node_modules/@babel/parser/src/parser/expression.ts\u001b[2m:1280:16)\u001b[22m\n      \u001b[2mat Parser.parseExprAtom [as parseExprSubscripts] (\u001b[22m../../../AppData/Local/npm-cache/_npx/b8d86e6551a4f492/node_modules/@babel/parser/src/parser/expression.ts\u001b[2m:706:23)\u001b[22m\n      \u001b[2mat Parser.parseExprSubscripts [as parseUpdate] (\u001b[22m../../../AppData/Local/npm-cache/_npx/b8d86e6551a4f492/node_modules/@babel/parser/src/parser/expression.ts\u001b[2m:685:21)\u001b[22m\n      \u001b[2mat Parser.parseUpdate [as parseMaybeUnary] (\u001b[22m../../../AppData/Local/npm-cache/_npx/b8d86e6551a4f492/node_modules/@babel/parser/src/parser/expression.ts\u001b[2m:647:23)\u001b[22m\n      \u001b[2mat Parser.parseMaybeUnary [as parseMaybeUnaryOrPrivate] (\u001b[22m../../../AppData/Local/npm-cache/_npx/b8d86e6551a4f492/node_modules/@babel/parser/src/parser/expression.ts\u001b[2m:388:14)\u001b[22m\n      \u001b[2mat Parser.parseMaybeUnaryOrPrivate [as parseExprOps] (\u001b[22m../../../AppData/Local/npm-cache/_npx/b8d86e6551a4f492/node_modules/@babel/parser/src/parser/expression.ts\u001b[2m:400:23)\u001b[22m\n      \u001b[2mat Parser.parseExprOps [as parseMaybeConditional] (\u001b[22m../../../AppData/Local/npm-cache/_npx/b8d86e6551a4f492/node_modules/@babel/parser/src/parser/expression.ts\u001b[2m:355:23)\u001b[22m\n      \u001b[2mat Parser.parseMaybeConditional [as parseMaybeAssign] (\u001b[22m../../../AppData/Local/npm-cache/_npx/b8d86e6551a4f492/node_modules/@babel/parser/src/parser/expression.ts\u001b[2m:297:21)\u001b[22m\n      \u001b[2mat parseMaybeAssign (\u001b[22m../../../AppData/Local/npm-cache/_npx/b8d86e6551a4f492/node_modules/@babel/parser/src/parser/expression.ts\u001b[2m:251:12)\u001b[22m\n      \u001b[2mat Parser.callback [as allowInAnd] (\u001b[22m../../../AppData/Local/npm-cache/_npx/b8d86e6551a4f492/node_modules/@babel/parser/src/parser/expression.ts\u001b[2m:3135:12)\u001b[22m\n      \u001b[2mat Parser.allowInAnd [as parseMaybeAssignAllowIn] (\u001b[22m../../../AppData/Local/npm-cache/_npx/b8d86e6551a4f492/node_modules/@babel/parser/src/parser/expression.ts\u001b[2m:250:17)\u001b[22m\n      \u001b[2mat Parser.parseMaybeAssignAllowIn [as parseExprListItem] (\u001b[22m../../../AppData/Local/npm-cache/_npx/b8d86e6551a4f492/node_modules/@babel/parser/src/parser/expression.ts\u001b[2m:2752:18)\u001b[22m\n      \u001b[2mat Parser.parseExprListItem [as parseCallExpressionArguments] (\u001b[22m../../../AppData/Local/npm-cache/_npx/b8d86e6551a4f492/node_modules/@babel/parser/src/parser/expression.ts\u001b[2m:1038:14)\u001b[22m\n      \u001b[2mat Parser.parseCallExpressionArguments [as parseCoverCallAndAsyncArrowHead] (\u001b[22m../../../AppData/Local/npm-cache/_npx/b8d86e6551a4f492/node_modules/@babel/parser/src/parser/expression.ts\u001b[2m:880:29)\u001b[22m\n      \u001b[2mat Parser.parseCoverCallAndAsyncArrowHead [as parseSubscript] (\u001b[22m../../../AppData/Local/npm-cache/_npx/b8d86e6551a4f492/node_modules/@babel/parser/src/parser/expression.ts\u001b[2m:769:19)\u001b[22m\n      \u001b[2mat Parser.parseSubscript [as parseSubscripts] (\u001b[22m../../../AppData/Local/npm-cache/_npx/b8d86e6551a4f492/node_modules/@babel/parser/src/parser/expression.ts\u001b[2m:727:19)\u001b[22m\n      \u001b[2mat Parser.parseSubscripts [as parseExprSubscripts] (\u001b[22m../../../AppData/Local/npm-cache/_npx/b8d86e6551a4f492/node_modules/@babel/parser/src/parser/expression.ts\u001b[2m:712:17)\u001b[22m\n      \u001b[2mat Parser.parseExprSubscripts [as parseUpdate] (\u001b[22m../../../AppData/Local/npm-cache/_npx/b8d86e6551a4f492/node_modules/@babel/parser/src/parser/expression.ts\u001b[2m:685:21)\u001b[22m\n      \u001b[2mat Parser.parseUpdate [as parseMaybeUnary] (\u001b[22m../../../AppData/Local/npm-cache/_npx/b8d86e6551a4f492/node_modules/@babel/parser/src/parser/expression.ts\u001b[2m:647:23)\u001b[22m\n      \u001b[2mat Parser.parseMaybeUnary [as parseMaybeUnaryOrPrivate] (\u001b[22m../../../AppData/Local/npm-cache/_npx/b8d86e6551a4f492/node_modules/@babel/parser/src/parser/expression.ts\u001b[2m:388:14)\u001b[22m\n      \u001b[2mat Parser.parseMaybeUnaryOrPrivate [as parseExprOps] (\u001b[22m../../../AppData/Local/npm-cache/_npx/b8d86e6551a4f492/node_modules/@babel/parser/src/parser/expression.ts\u001b[2m:400:23)\u001b[22m\n      \u001b[2mat Parser.parseExprOps [as parseMaybeConditional] (\u001b[22m../../../AppData/Local/npm-cache/_npx/b8d86e6551a4f492/node_modules/@babel/parser/src/parser/expression.ts\u001b[2m:355:23)\u001b[22m\n      \u001b[2mat Parser.parseMaybeConditional [as parseMaybeAssign] (\u001b[22m../../../AppData/Local/npm-cache/_npx/b8d86e6551a4f492/node_modules/@babel/parser/src/parser/expression.ts\u001b[2m:297:21)\u001b[22m\n      \u001b[2mat Parser.parseMaybeAssign [as parseExpressionBase] (\u001b[22m../../../AppData/Local/npm-cache/_npx/b8d86e6551a4f492/node_modules/@babel/parser/src/parser/expression.ts\u001b[2m:220:23)\u001b[22m\n      \u001b[2mat parseExpressionBase (\u001b[22m../../../AppData/Local/npm-cache/_npx/b8d86e6551a4f492/node_modules/@babel/parser/src/parser/expression.ts\u001b[2m:211:39)\u001b[22m\n      \u001b[2mat Parser.callback [as allowInAnd] (\u001b[22m../../../AppData/Local/npm-cache/_npx/b8d86e6551a4f492/node_modules/@babel/parser/src/parser/expression.ts\u001b[2m:3130:16)\u001b[22m\n      \u001b[2mat Parser.allowInAnd [as parseExpression] (\u001b[22m../../../AppData/Local/npm-cache/_npx/b8d86e6551a4f492/node_modules/@babel/parser/src/parser/expression.ts\u001b[2m:211:17)\u001b[22m\n      \u001b[2mat Parser.parseExpression [as parseStatementContent] (\u001b[22m../../../AppData/Local/npm-cache/_npx/b8d86e6551a4f492/node_modules/@babel/parser/src/parser/statement.ts\u001b[2m:645:23)\u001b[22m\n      \u001b[2mat Parser.parseStatementContent [as parseStatementLike] (\u001b[22m../../../AppData/Local/npm-cache/_npx/b8d86e6551a4f492/node_modules/@babel/parser/src/parser/statement.ts\u001b[2m:426:17)\u001b[22m\n      \u001b[2mat Parser.parseStatementLike [as parseStatementListItem] (\u001b[22m../../../AppData/Local/npm-cache/_npx/b8d86e6551a4f492/node_modules/@babel/parser/src/parser/statement.ts\u001b[2m:375:17)\u001b[22m\n      \u001b[2mat Parser.parseStatementListItem [as parseBlockOrModuleBlockBody] (\u001b[22m../../../AppData/Local/npm-cache/_npx/b8d86e6551a4f492/node_modules/@babel/parser/src/parser/statement.ts\u001b[2m:1396:16)\u001b[22m\n      \u001b[2mat Parser.parseBlockOrModuleBlockBody [as parseBlockBody] (\u001b[22m../../../AppData/Local/npm-cache/_npx/b8d86e6551a4f492/node_modules/@babel/parser/src/parser/statement.ts\u001b[2m:1369:10)\u001b[22m\n      \u001b[2mat Parser.parseBlockBody [as parseBlock] (\u001b[22m../../../AppData/Local/npm-cache/_npx/b8d86e6551a4f492/node_modules/@babel/parser/src/parser/statement.ts\u001b[2m:1337:10)\u001b[22m\n      \u001b[2mat Parser.parseBlock [as parseFunctionBody] (\u001b[22m../../../AppData/Local/npm-cache/_npx/b8d86e6551a4f492/node_modules/@babel/parser/src/parser/expression.ts\u001b[2m:2589:24)\u001b[22m\n      \u001b[2mat Parser.parseFunctionBody [as parseArrowExpression] (\u001b[22m../../../AppData/Local/npm-cache/_npx/b8d86e6551a4f492/node_modules/@babel/parser/src/parser/expression.ts\u001b[2m:2530:10)\u001b[22m\n      \u001b[2mat Parser.parseArrowExpression [as parseParenAndDistinguishExpression] (\u001b[22m../../../AppData/Local/npm-cache/_npx/b8d86e6551a4f492/node_modules/@babel/parser/src/parser/expression.ts\u001b[2m:1825:12)\u001b[22m\n      \u001b[2mat Parser.parseParenAndDistinguishExpression [as parseExprAtom] (\u001b[22m../../../AppData/Local/npm-cache/_npx/b8d86e6551a4f492/node_modules/@babel/parser/src/parser/expression.ts\u001b[2m:1162:21)\u001b[22m\n      \u001b[2mat Parser.parseExprAtom [as parseExprSubscripts] (\u001b[22m../../../AppData/Local/npm-cache/_npx/b8d86e6551a4f492/node_modules/@babel/parser/src/parser/expression.ts\u001b[2m:706:23)\u001b[22m\n      \u001b[2mat Parser.parseExprSubscripts [as parseUpdate] (\u001b[22m../../../AppData/Local/npm-cache/_npx/b8d86e6551a4f492/node_modules/@babel/parser/src/parser/expression.ts\u001b[2m:685:21)\u001b[22m\n      \u001b[2mat Parser.parseUpdate [as parseMaybeUnary] (\u001b[22m../../../AppData/Local/npm-cache/_npx/b8d86e6551a4f492/node_modules/@babel/parser/src/parser/expression.ts\u001b[2m:647:23)\u001b[22m\n      \u001b[2mat Parser.parseMaybeUnary [as parseMaybeUnaryOrPrivate] (\u001b[22m../../../AppData/Local/npm-cache/_npx/b8d86e6551a4f492/node_modules/@babel/parser/src/parser/expression.ts\u001b[2m:388:14)\u001b[22m\n      \u001b[2mat Parser.parseMaybeUnaryOrPrivate [as parseExprOps] (\u001b[22m../../../AppData/Local/npm-cache/_npx/b8d86e6551a4f492/node_modules/@babel/parser/src/parser/expression.ts\u001b[2m:400:23)\u001b[22m\n      \u001b[2mat Parser.parseExprOps [as parseMaybeConditional] (\u001b[22m../../../AppData/Local/npm-cache/_npx/b8d86e6551a4f492/node_modules/@babel/parser/src/parser/expression.ts\u001b[2m:355:23)\u001b[22m\n      \u001b[2mat Parser.parseMaybeConditional [as parseMaybeAssign] (\u001b[22m../../../AppData/Local/npm-cache/_npx/b8d86e6551a4f492/node_modules/@babel/parser/src/parser/expression.ts\u001b[2m:297:21)\u001b[22m\n      \u001b[2mat parseMaybeAssign (\u001b[22m../../../AppData/Local/npm-cache/_npx/b8d86e6551a4f492/node_modules/@babel/parser/src/parser/expression.ts\u001b[2m:251:12)\u001b[22m\n      \u001b[2mat Parser.callback [as allowInAnd] (\u001b[22m../../../AppData/Local/npm-cache/_npx/b8d86e6551a4f492/node_modules/@babel/parser/src/parser/expression.ts\u001b[2m:3135:12)\u001b[22m\n      \u001b[2mat Parser.allowInAnd [as parseMaybeAssignAllowIn] (\u001b[22m../../../AppData/Local/npm-cache/_npx/b8d86e6551a4f492/node_modules/@babel/parser/src/parser/expression.ts\u001b[2m:250:17)\u001b[22m\n      \u001b[2mat Parser.parseMaybeAssignAllowIn [as parseExprListItem] (\u001b[22m../../../AppData/Local/npm-cache/_npx/b8d86e6551a4f492/node_modules/@babel/parser/src/parser/expression.ts\u001b[2m:2752:18)\u001b[22m\n      \u001b[2mat Parser.parseExprListItem [as parseCallExpressionArguments] (\u001b[22m../../../AppData/Local/npm-cache/_npx/b8d86e6551a4f492/node_modules/@babel/parser/src/parser/expression.ts\u001b[2m:1038:14)\u001b[22m\n      \u001b[2mat Parser.parseCallExpressionArguments [as parseCoverCallAndAsyncArrowHead] (\u001b[22m../../../AppData/Local/npm-cache/_npx/b8d86e6551a4f492/node_modules/@babel/parser/src/parser/expression.ts\u001b[2m:880:29)\u001b[22m\n      \u001b[2mat Parser.parseCoverCallAndAsyncArrowHead [as parseSubscript] (\u001b[22m../../../AppData/Local/npm-cache/_npx/b8d86e6551a4f492/node_modules/@babel/parser/src/parser/expression.ts\u001b[2m:769:19)\u001b[22m\n      \u001b[2mat Parser.parseSubscript [as parseSubscripts] (\u001b[22m../../../AppData/Local/npm-cache/_npx/b8d86e6551a4f492/node_modules/@babel/parser/src/parser/expression.ts\u001b[2m:727:19)\u001b[22m\n      \u001b[2mat Parser.parseSubscripts [as parseExprSubscripts] (\u001b[22m../../../AppData/Local/npm-cache/_npx/b8d86e6551a4f492/node_modules/@babel/parser/src/parser/expression.ts\u001b[2m:712:17)\u001b[22m\n      \u001b[2mat Parser.parseExprSubscripts [as parseUpdate] (\u001b[22m../../../AppData/Local/npm-cache/_npx/b8d86e6551a4f492/node_modules/@babel/parser/src/parser/expression.ts\u001b[2m:685:21)\u001b[22m\n      \u001b[2mat Parser.parseUpdate [as parseMaybeUnary] (\u001b[22m../../../AppData/Local/npm-cache/_npx/b8d86e6551a4f492/node_modules/@babel/parser/src/parser/expression.ts\u001b[2m:647:23)\u001b[22m\n      \u001b[2mat Parser.parseMaybeUnary [as parseMaybeUnaryOrPrivate] (\u001b[22m../../../AppData/Local/npm-cache/_npx/b8d86e6551a4f492/node_modules/@babel/parser/src/parser/expression.ts\u001b[2m:388:14)\u001b[22m\n      \u001b[2mat Parser.parseMaybeUnaryOrPrivate [as parseExprOps] (\u001b[22m../../../AppData/Local/npm-cache/_npx/b8d86e6551a4f492/node_modules/@babel/parser/src/parser/expression.ts\u001b[2m:400:23)\u001b[22m\n      \u001b[2mat Parser.parseExprOps [as parseMaybeConditional] (\u001b[22m../../../AppData/Local/npm-cache/_npx/b8d86e6551a4f492/node_modules/@babel/parser/src/parser/expression.ts\u001b[2m:355:23)\u001b[22m\n      \u001b[2mat Parser.parseMaybeConditional [as parseMaybeAssign] (\u001b[22m../../../AppData/Local/npm-cache/_npx/b8d86e6551a4f492/node_modules/@babel/parser/src/parser/expression.ts\u001b[2m:297:21)\u001b[22m\n      \u001b[2mat Parser.parseMaybeAssign [as parseExpressionBase] (\u001b[22m../../../AppData/Local/npm-cache/_npx/b8d86e6551a4f492/node_modules/@babel/parser/src/parser/expression.ts\u001b[2m:220:23)\u001b[22m\n      \u001b[2mat parseExpressionBase (\u001b[22m../../../AppData/Local/npm-cache/_npx/b8d86e6551a4f492/node_modules/@babel/parser/src/parser/expression.ts\u001b[2m:211:39)\u001b[22m\n      \u001b[2mat Parser.callback [as allowInAnd] (\u001b[22m../../../AppData/Local/npm-cache/_npx/b8d86e6551a4f492/node_modules/@babel/parser/src/parser/expression.ts\u001b[2m:3130:16)\u001b[22m\n      \u001b[2mat Parser.allowInAnd [as parseExpression] (\u001b[22m../../../AppData/Local/npm-cache/_npx/b8d86e6551a4f492/node_modules/@babel/parser/src/parser/expression.ts\u001b[2m:211:17)\u001b[22m\n      \u001b[2mat Parser.parseExpression [as parseStatementContent] (\u001b[22m../../../AppData/Local/npm-cache/_npx/b8d86e6551a4f492/node_modules/@babel/parser/src/parser/statement.ts\u001b[2m:645:23)\u001b[22m\n      \u001b[2mat Parser.parseStatementContent [as parseStatementLike] (\u001b[22m../../../AppData/Local/npm-cache/_npx/b8d86e6551a4f492/node_modules/@babel/parser/src/parser/statement.ts\u001b[2m:426:17)\u001b[22m\n      \u001b[2mat Parser.parseStatementLike [as parseStatementListItem] (\u001b[22m../../../AppData/Local/npm-cache/_npx/b8d86e6551a4f492/node_modules/@babel/parser/src/parser/statement.ts\u001b[2m:375:17)\u001b[22m\n      \u001b[2mat Parser.parseStatementListItem [as parseBlockOrModuleBlockBody] (\u001b[22m../../../AppData/Local/npm-cache/_npx/b8d86e6551a4f492/node_modules/@babel/parser/src/parser/statement.ts\u001b[2m:1396:16)\u001b[22m\n      \u001b[2mat Parser.parseBlockOrModuleBlockBody [as parseBlockBody] (\u001b[22m../../../AppData/Local/npm-cache/_npx/b8d86e6551a4f492/node_modules/@babel/parser/src/parser/statement.ts\u001b[2m:1369:10)\u001b[22m\n      \u001b[2mat Parser.parseBlockBody [as parseBlock] (\u001b[22m../../../AppData/Local/npm-cache/_npx/b8d86e6551a4f492/node_modules/@babel/parser/src/parser/statement.ts\u001b[2m:1337:10)\u001b[22m\n      \u001b[2mat Parser.parseBlock [as parseFunctionBody] (\u001b[22m../../../AppData/Local/npm-cache/_npx/b8d86e6551a4f492/node_modules/@babel/parser/src/parser/expression.ts\u001b[2m:2589:24)\u001b[22m\n      \u001b[2mat Parser.parseFunctionBody [as parseArrowExpression] (\u001b[22m../../../AppData/Local/npm-cache/_npx/b8d86e6551a4f492/node_modules/@babel/parser/src/parser/expression.ts\u001b[2m:2530:10)\u001b[22m\n      \u001b[2mat Parser.parseArrowExpression [as parseParenAndDistinguishExpression] (\u001b[22m../../../AppData/Local/npm-cache/_npx/b8d86e6551a4f492/node_modules/@babel/parser/src/parser/expression.ts\u001b[2m:1825:12)\u001b[22m\n      \u001b[2mat Parser.parseParenAndDistinguishExpression [as parseExprAtom] (\u001b[22m../../../AppData/Local/npm-cache/_npx/b8d86e6551a4f492/node_modules/@babel/parser/src/parser/expression.ts\u001b[2m:1162:21)\u001b[22m\n      \u001b[2mat Parser.parseExprAtom [as parseExprSubscripts] (\u001b[22m../../../AppData/Local/npm-cache/_npx/b8d86e6551a4f492/node_modules/@babel/parser/src/parser/expression.ts\u001b[2m:706:23)\u001b[22m\n      \u001b[2mat Parser.parseExprSubscripts [as parseUpdate] (\u001b[22m../../../AppData/Local/npm-cache/_npx/b8d86e6551a4f492/node_modules/@babel/parser/src/parser/expression.ts\u001b[2m:685:21)\u001b[22m\n      \u001b[2mat Parser.parseUpdate [as parseMaybeUnary] (\u001b[22m../../../AppData/Local/npm-cache/_npx/b8d86e6551a4f492/node_modules/@babel/parser/src/parser/expression.ts\u001b[2m:647:23)\u001b[22m\n      \u001b[2mat Parser.parseMaybeUnary [as parseMaybeUnaryOrPrivate] (\u001b[22m../../../AppData/Local/npm-cache/_npx/b8d86e6551a4f492/node_modules/@babel/parser/src/parser/expression.ts\u001b[2m:388:14)\u001b[22m\n      \u001b[2mat Parser.parseMaybeUnaryOrPrivate [as parseExprOps] (\u001b[22m../../../AppData/Local/npm-cache/_npx/b8d86e6551a4f492/node_modules/@babel/parser/src/parser/expression.ts\u001b[2m:400:23)\u001b[22m\n      \u001b[2mat Parser.parseExprOps [as parseMaybeConditional] (\u001b[22m../../../AppData/Local/npm-cache/_npx/b8d86e6551a4f492/node_modules/@babel/parser/src/parser/expression.ts\u001b[2m:355:23)\u001b[22m\n      \u001b[2mat Parser.parseMaybeConditional [as parseMaybeAssign] (\u001b[22m../../../AppData/Local/npm-cache/_npx/b8d86e6551a4f492/node_modules/@babel/parser/src/parser/expression.ts\u001b[2m:297:21)\u001b[22m\n      \u001b[2mat parseMaybeAssign (\u001b[22m../../../AppData/Local/npm-cache/_npx/b8d86e6551a4f492/node_modules/@babel/parser/src/parser/expression.ts\u001b[2m:251:12)\u001b[22m\n      \u001b[2mat Parser.callback [as allowInAnd] (\u001b[22m../../../AppData/Local/npm-cache/_npx/b8d86e6551a4f492/node_modules/@babel/parser/src/parser/expression.ts\u001b[2m:3135:12)\u001b[22m\n      \u001b[2mat Parser.allowInAnd [as parseMaybeAssignAllowIn] (\u001b[22m../../../AppData/Local/npm-cache/_npx/b8d86e6551a4f492/node_modules/@babel/parser/src/parser/expression.ts\u001b[2m:250:17)\u001b[22m\n      \u001b[2mat Parser.parseMaybeAssignAllowIn [as parseExprListItem] (\u001b[22m../../../AppData/Local/npm-cache/_npx/b8d86e6551a4f492/node_modules/@babel/parser/src/parser/expression.ts\u001b[2m:2752:18)\u001b[22m\n      \u001b[2mat Parser.parseExprListItem [as parseCallExpressionArguments] (\u001b[22m../../../AppData/Local/npm-cache/_npx/b8d86e6551a4f492/node_modules/@babel/parser/src/parser/expression.ts\u001b[2m:1038:14)\u001b[22m\n      \u001b[2mat Parser.parseCallExpressionArguments [as parseCoverCallAndAsyncArrowHead] (\u001b[22m../../../AppData/Local/npm-cache/_npx/b8d86e6551a4f492/node_modules/@babel/parser/src/parser/expression.ts\u001b[2m:880:29)\u001b[22m\n      \u001b[2mat Parser.parseCoverCallAndAsyncArrowHead [as parseSubscript] (\u001b[22m../../../AppData/Local/npm-cache/_npx/b8d86e6551a4f492/node_modules/@babel/parser/src/parser/expression.ts\u001b[2m:769:19)\u001b[22m\n      \u001b[2mat Parser.parseSubscript [as parseSubscripts] (\u001b[22m../../../AppData/Local/npm-cache/_npx/b8d86e6551a4f492/node_modules/@babel/parser/src/parser/expression.ts\u001b[2m:727:19)\u001b[22m\n      \u001b[2mat Parser.parseSubscripts [as parseExprSubscripts] (\u001b[22m../../../AppData/Local/npm-cache/_npx/b8d86e6551a4f492/node_modules/@babel/parser/src/parser/expression.ts\u001b[2m:712:17)\u001b[22m\n      \u001b[2mat Parser.parseExprSubscripts [as parseUpdate] (\u001b[22m../../../AppData/Local/npm-cache/_npx/b8d86e6551a4f492/node_modules/@babel/parser/src/parser/expression.ts\u001b[2m:685:21)\u001b[22m\n      \u001b[2mat Parser.parseUpdate [as parseMaybeUnary] (\u001b[22m../../../AppData/Local/npm-cache/_npx/b8d86e6551a4f492/node_modules/@babel/parser/src/parser/expression.ts\u001b[2m:647:23)\u001b[22m\n      \u001b[2mat Parser.parseMaybeUnary [as parseMaybeUnaryOrPrivate] (\u001b[22m../../../AppData/Local/npm-cache/_npx/b8d86e6551a4f492/node_modules/@babel/parser/src/parser/expression.ts\u001b[2m:388:14)\u001b[22m\n      \u001b[2mat Parser.parseMaybeUnaryOrPrivate [as parseExprOps] (\u001b[22m../../../AppData/Local/npm-cache/_npx/b8d86e6551a4f492/node_modules/@babel/parser/src/parser/expression.ts\u001b[2m:400:23)\u001b[22m\n      \u001b[2mat Parser.parseExprOps [as parseMaybeConditional] (\u001b[22m../../../AppData/Local/npm-cache/_npx/b8d86e6551a4f492/node_modules/@babel/parser/src/parser/expression.ts\u001b[2m:355:23)\u001b[22m\n      \u001b[2mat Parser.parseMaybeConditional [as parseMaybeAssign] (\u001b[22m../../../AppData/Local/npm-cache/_npx/b8d86e6551a4f492/node_modules/@babel/parser/src/parser/expression.ts\u001b[2m:297:21)\u001b[22m\n      \u001b[2mat Parser.parseMaybeAssign [as parseExpressionBase] (\u001b[22m../../../AppData/Local/npm-cache/_npx/b8d86e6551a4f492/node_modules/@babel/parser/src/parser/expression.ts\u001b[2m:220:23)\u001b[22m\n      \u001b[2mat parseExpressionBase (\u001b[22m../../../AppData/Local/npm-cache/_npx/b8d86e6551a4f492/node_modules/@babel/parser/src/parser/expression.ts\u001b[2m:211:39)\u001b[22m\n","name":"C:\\Users\\user\\Desktop\\personal-portfolio-builder\\Wix-Kickstart-2024-Portfolio-Website-Builder\\src\\client\\components\\App.test.js","startTime":1724753486958,"status":"failed","summary":""}],"wasInterrupted":false}
